<?xml version="1.0" encoding="UTF-8"?>
<testsuite xmlns:xsi="http://www.w3.org/2001/XMLSchema-instance" xsi:noNamespaceSchemaLocation="https://maven.apache.org/surefire/maven-surefire-plugin/xsd/surefire-test-report-3.0.xsd" version="3.0" name="com.example.demo.DemoApplicationTests" time="4.513" tests="1" errors="0" skipped="0" failures="0">
  <properties>
[...]
</properties>
  <testcase name="contextLoads" classname="com.example.demo.DemoApplicationTests" time="0.364">
    <system-out><![CDATA[19:16:54.268 [main] INFO org.springframework.test.context.support.AnnotationConfigContextLoaderUtils -- Could not detect default configuration classes for test class [com.example.demo.DemoApplicationTests]: DemoApplicationTests does not declare any static, non-private, non-final, nested classes annotated with @Configuration.
19:16:54.338 [main] INFO org.springframework.boot.test.context.SpringBootTestContextBootstrapper -- Found @SpringBootConfiguration com.example.demo.DemoApplication for test class com.example.demo.DemoApplicationTests

  .   ____          _            __ _ _
 /\\ / ___'_ __ _ _(_)_ __  __ _ \ \ \ \
( ( )\___ | '_ | '_| | '_ \/ _` | \ \ \ \
 \\/  ___)| |_)| | | | | || (_| |  ) ) ) )
  '  |____| .__|_| |_|_| |_\__, | / / / /
 =========|_|==============|___/=/_/_/_/
 :: Spring Boot ::                (v3.2.1)

2024-01-25T19:16:54.723-08:00  INFO 15280 --- [           main] com.example.demo.DemoApplicationTests    : Starting DemoApplicationTests using Java 17.0.8.1 with PID 15280 (started by Kartik in C:\Users\Kartik\Pictures\random_coding\demo\demo)
2024-01-25T19:16:54.724-08:00  INFO 15280 --- [           main] com.example.demo.DemoApplicationTests    : No active profile set, falling back to 1 default profile: "default"
2024-01-25T19:16:55.297-08:00  INFO 15280 --- [           main] .s.d.r.c.RepositoryConfigurationDelegate : Bootstrapping Spring Data JPA repositories in DEFAULT mode.
2024-01-25T19:16:55.353-08:00  INFO 15280 --- [           main] .s.d.r.c.RepositoryConfigurationDelegate : Finished Spring Data repository scanning in 42 ms. Found 1 JPA repository interface.
2024-01-25T19:16:55.748-08:00  INFO 15280 --- [           main] o.hibernate.jpa.internal.util.LogHelper  : HHH000204: Processing PersistenceUnitInfo [name: default]
2024-01-25T19:16:55.812-08:00  INFO 15280 --- [           main] org.hibernate.Version                    : HHH000412: Hibernate ORM core version 6.4.1.Final
2024-01-25T19:16:55.847-08:00  INFO 15280 --- [           main] o.h.c.internal.RegionFactoryInitiator    : HHH000026: Second-level cache disabled
2024-01-25T19:16:56.126-08:00  INFO 15280 --- [           main] o.s.o.j.p.SpringPersistenceUnitInfo      : No LoadTimeWeaver setup: ignoring JPA class transformer
2024-01-25T19:16:56.149-08:00  INFO 15280 --- [           main] com.zaxxer.hikari.HikariDataSource       : HikariPool-1 - Starting...
2024-01-25T19:16:56.317-08:00  INFO 15280 --- [           main] com.zaxxer.hikari.pool.HikariPool        : HikariPool-1 - Added connection org.postgresql.jdbc.PgConnection@237b2852
2024-01-25T19:16:56.319-08:00  INFO 15280 --- [           main] com.zaxxer.hikari.HikariDataSource       : HikariPool-1 - Start completed.
2024-01-25T19:16:56.362-08:00  WARN 15280 --- [           main] org.hibernate.orm.deprecation            : HHH90000025: PostgreSQLDialect does not need to be specified explicitly using 'hibernate.dialect' (remove the property setting and it will be selected by default)
2024-01-25T19:16:57.084-08:00  INFO 15280 --- [           main] o.h.e.t.j.p.i.JtaPlatformInitiator       : HHH000489: No JTA platform available (set 'hibernate.transaction.jta.platform' to enable JTA platform integration)
Hibernate: 
    drop table if exists student cascade
Hibernate: 
    drop sequence if exists student_sequence
Hibernate: 
    create sequence student_sequence start with 1 increment by 1
Hibernate: 
    create table student (
        age integer,
        dob date,
        id bigint not null,
        email varchar(255),
        name varchar(255),
        primary key (id)
    )
2024-01-25T19:16:57.121-08:00  INFO 15280 --- [           main] j.LocalContainerEntityManagerFactoryBean : Initialized JPA EntityManagerFactory for persistence unit 'default'
2024-01-25T19:16:57.348-08:00  INFO 15280 --- [           main] o.s.d.j.r.query.QueryEnhancerFactory     : Hibernate is in classpath; If applicable, HQL parser will be used.
2024-01-25T19:16:57.851-08:00  WARN 15280 --- [           main] JpaBaseConfiguration$JpaWebConfiguration : spring.jpa.open-in-view is enabled by default. Therefore, database queries may be performed during view rendering. Explicitly configure spring.jpa.open-in-view to disable this warning
2024-01-25T19:16:58.192-08:00  INFO 15280 --- [           main] com.example.demo.DemoApplicationTests    : Started DemoApplicationTests in 3.691 seconds (process running for 4.498)
Hibernate: 
    select
        nextval('student_sequence')
Hibernate: 
    select
        nextval('student_sequence')
Hibernate: 
    insert 
    into
        student
        (age, dob, email, name, id) 
    values
        (?, ?, ?, ?, ?)
Hibernate: 
    insert 
    into
        student
        (age, dob, email, name, id) 
    values
        (?, ?, ?, ?, ?)
]]></system-out>
  </testcase>
</testsuite>